therion 5.3.11
initialization file: /etc/therion.ini
reading ... done
configuration file: thconfig
reading ... done
reading source files ... done
preprocessing database ... done
scanning centreline tree ... done
searching for centerline loops ... done
calculating station coordinates ... done
average loop error: 1.54%
calculating basic statistics ... done
processing extended elevation ... done
processing references ... done
selecting export objects ... done
processing projection plan ... done
average distortion: 1.74%
writing _output/zp_plan.pdf ...
####################### metapost log file ########################
This is MetaPost, version 1.504 (kpathsea version 6.1.0)  20 JAN 2013 10:16
**data.mp
(mpost.mp (/usr/local/texlive/2012/texmf-dist/metapost/base/plain.mp
Preloading the plain mem file, version 1.004)) (./data.mp [4001] [4002] [4003]
[4004] [4005] [4006] [4007] [4008] [4009] [4010] [4011] [4012]
[1]
[Warning: scrap outline intersects itself in scrap zp@zadni_pole] [2] [3] [4]
[Warning: scrap outline intersects itself in scrap p1_2@1319.zadni_pole] [5]
[6] [7] [8] [9] [10] [11] [12] [13] [14] [15] [16] [17] [18] [19] [20] [21]
[22] [23] [24] [25] [26] [27] [28] [29] [30] [31] [32] [33] [34] [35] [36]
[37] [38] [39] [40] [41] [42] [43] [44] [45] [46] [47] [48] [49] [50] [51]
[52] [53] [54] [55] [56] [57] [58] [59] [60] [61] [62] [63] [64] [65] [66]
[67] [68] [69] [70] [71] [72] [73] [74] [75] [76] [77] [78] [79] [80] [81]
[82] [83] [84] [85] [86] [87] [88] [89] [90] [91] [92] [93] [94] [95] [96]
[97] [98] [99] [100] [101] [102] [103] [104] [105] [106] [107] [108] [109]
[110] [111] [112] [113] [114] [115] [116] [117] [118] [119] [120] [121] [122]
[123] [124] [125] [126] [127] [128] [129] (./mptextmp.mp) (./mptextmp.mp)
(./mptextmp.mp) [130] [131] [132] [133] [134] [135] [136] [137] [138] [139]
[140] [141] [142] [143] [144] [145] [146] [147] [148] [149] [150] [151] [152]
[153] [154] [155] [156] )
 
Here is how much of MetaPost's memory you used:
 25956 strings using 554775 characters
 1467312 bytes of node memory
 1467 symbolic tokens
 9i,75n,16p,202b,5f stack positions out of 16i,84n,20p,250b,6f
168 output files written: data.1 .. data.4012


#################### end of metapost log file ####################
converting scraps ... done
making map ... done
######################## pdftex log file #########################
This is pdfTeX, Version 3.1415926-2.4-1.40.13 (TeX Live 2012) (format=pdfetex 2012.6.30)  20 JAN 2013 10:16
entering extended mode
 restricted \write18 enabled.
 %&-line parsing enabled.
**data.tex
(./data.tex (./th_enc.tex) (./th_texts.tex) (./th_resources.tex
(/usr/local/texlive/2012/texmf/tex/generic/pdftex/glyphtounicode.tex))
(./th_fontdef.tex{/usr/local/texlive/2012/texmf-var/fonts/map/pdftex/updmap/pdf
tex.map})
(./th_formdef.tex
Normal \count register pool exhausted, switching to extended pool.)
(./th_pagedef.tex (./th_legend.tex)) (./th_pages.tex)
 253 numeric registers used out of 32768
 [1] ) 
Here is how much of TeX's memory you used:
 514 strings out of 495044
 5354 string characters out of 3155949
 51354 words of memory out of 3000000
 2002 multiletter control sequences out of 15000+200000
 21229 words of font info for 66 fonts, out of 3000000 for 9000
 1232 hyphenation exceptions out of 8191
 12i,5n,9p,423b,98s stack positions out of 5000i,500n,10000p,200000b,50000s
</usr/local/texlive/2012/texmf-dist/fonts/type1/public/amsfonts/cm/cmss10
.pfb></usr/local/texlive/2012/texmf-dist/fonts/type1/public/amsfonts/cm/cmssi10
.pfb></usr/local/texlive/2012/texmf-dist/fonts/type1/public/cs/csss10.pfb></usr
/local/texlive/2012/texmf-dist/fonts/type1/public/cs/csssi10.pfb>
Output written on data.pdf (1 page, 389053 bytes).
PDF statistics:
 664 PDF objects out of 1000 (max. 8388607)
 335 compressed objects within 4 object streams
 0 named destinations out of 1000 (max. 500000)
 1907 words of extra memory for PDF output out of 10000 (max. 10000000)


##################### end of pdftex log file #####################
done
writing _output/zp_plan_alt.pdf ...
####################### metapost log file ########################
This is MetaPost, version 1.504 (kpathsea version 6.1.0)  20 JAN 2013 10:16
**data.mp
(mpost.mp (/usr/local/texlive/2012/texmf-dist/metapost/base/plain.mp
Preloading the plain mem file, version 1.004)) (./data.mp [4001] [4002] [4003]
[4004] [4005] [4006] [4007] [4008] [4009] [4010] [4011] [4012]
[1]
[Warning: scrap outline intersects itself in scrap zp@zadni_pole] [2] [3] [4]
[Warning: scrap outline intersects itself in scrap p1_2@1319.zadni_pole] [5]
[6] [7] [8] [9] [10] [11] [12] [13] [14] [15] [16] [17] [18] [19] [20] [21]
[22] [23] [24] [25] [26] [27] [28] [29] [30] [31] [32] [33] [34] [35] [36]
[37] [38] [39] [40] [41] [42] [43] [44] [45] [46] [47] [48] [49] [50] [51]
[52] [53] [54] [55] [56] [57] [58] [59] [60] [61] [62] [63] [64] [65] [66]
[67] [68] [69] [70] [71] [72] [73] [74] [75] [76] [77] [78] [79] [80] [81]
[82] [83] [84] [85] [86] [87] [88] [89] [90] [91] [92] [93] [94] [95] [96]
[97] [98] [99] [100] [101] [102] [103] [104] [105] [106] [107] [108] [109]
[110] [111] [112] [113] [114] [115] [116] [117] [118] [119] [120] [121] [122]
[123] [124] [125] [126] [127] [128] [129] (./mptextmp.mp) (./mptextmp.mp)
(./mptextmp.mp) [130] [131] [132] [133] [134] [135] [136] [137] [138] [139]
[140] [141] [142] [143] [144] [145] [146] [147] [148] [149] [150] [151] [152]
[153] [154] [155] [156] )
 
Here is how much of MetaPost's memory you used:
 26276 strings using 558725 characters
 1467312 bytes of node memory
 1467 symbolic tokens
 9i,75n,16p,202b,5f stack positions out of 16i,84n,20p,250b,6f
168 output files written: data.1 .. data.4012


#################### end of metapost log file ####################
converting scraps ... done
making map ... done
######################## pdftex log file #########################
This is pdfTeX, Version 3.1415926-2.4-1.40.13 (TeX Live 2012) (format=pdfetex 2012.6.30)  20 JAN 2013 10:16
entering extended mode
 restricted \write18 enabled.
 %&-line parsing enabled.
**data.tex
(./data.tex (./th_enc.tex) (./th_texts.tex) (./th_resources.tex
(/usr/local/texlive/2012/texmf/tex/generic/pdftex/glyphtounicode.tex))
(./th_fontdef.tex{/usr/local/texlive/2012/texmf-var/fonts/map/pdftex/updmap/pdf
tex.map})
(./th_formdef.tex
Normal \count register pool exhausted, switching to extended pool.)
(./th_pagedef.tex (./th_legendcolor.tex) (./th_legend.tex)) (./th_pages.tex)
 253 numeric registers used out of 32768

[1] ) 
Here is how much of TeX's memory you used:
 517 strings out of 495044
 5406 string characters out of 3155949
 52930 words of memory out of 3000000
 2002 multiletter control sequences out of 15000+200000
 21229 words of font info for 66 fonts, out of 3000000 for 9000
 1232 hyphenation exceptions out of 8191
 12i,5n,9p,423b,98s stack positions out of 5000i,500n,10000p,200000b,50000s
</usr/local/texlive/2012/texmf-dist/fonts/type1/public/amsfonts/cm/cmss10.
pfb></usr/local/texlive/2012/texmf-dist/fonts/type1/public/amsfonts/cm/cmssi10.
pfb></usr/local/texlive/2012/texmf-dist/fonts/type1/public/cs/csss10.pfb></usr/
local/texlive/2012/texmf-dist/fonts/type1/public/cs/csssi10.pfb>
Output written on data.pdf (1 page, 391251 bytes).
PDF statistics:
 676 PDF objects out of 1000 (max. 8388607)
 341 compressed objects within 4 object streams
 0 named destinations out of 1000 (max. 500000)
 1943 words of extra memory for PDF output out of 10000 (max. 10000000)


##################### end of pdftex log file #####################
done
####################### metapost log file ########################
This is MetaPost, version 1.504 (kpathsea version 6.1.0)  20 JAN 2013 10:16
**data.mp
(mpost.mp (/usr/local/texlive/2012/texmf-dist/metapost/base/plain.mp
Preloading the plain mem file, version 1.004)) (./data.mp [1] )
1 output file written: data.1


#################### end of metapost log file ####################
writing _output/zp.shp ... done
writing _output/zadni_pole.3d ... done
writing _output/zadni_pole.lox ....
therion: warning -- zp@zadni_pole -- multiple scrap outer outlines not supported yet
........................................ done
writing xtherion file ... done
compilation time: 6 sec


######################### loop errors ##########################
REL-ERR ABS-ERR TOTAL-L STS X-ERROR Y-ERROR Z-ERROR STATIONS
  5.68%    0.5m    8.9m   7   -0.1m   -0.4m    0.3m [2.55@20110115.stara_dvanactka.1303.zadni_pole - 2.78 - 2.79 = 2.60 - 2.59 - 2.58 - 2.57 - 2.56 - 2.55]
  2.82%    3.5m  125.4m  13   -3.2m    1.4m   -0.4m [1@povrch2.zadni_pole - 4 - 5 - 6 - 7 - 1320 = 1320@povrch1.zadni_pole - 5 - 4 - 3 - 2 - 1 - 0 - 1318 = 1318@povrch2.zadni_pole - 1]
  2.37%    1.4m   58.7m   8    0.6m   -1.2m    0.1m [0@povrch1.zadni_pole - 1318 = 1318@povrch2.zadni_pole - 1 - 2 - 3 - 1303 = 1303@povrch1.zadni_pole - 11 - 10 - 0]
  2.34%    2.3m  100.0m   9   -1.7m   -0.1m   -1.6m [7@povrch2.zadni_pole - 9 - 1319 = 1319@povrch1.zadni_pole - 9 - 8 - 7 - 6 - 5 - 1320 = 1320@povrch2.zadni_pole - 7]
  2.15%    0.8m   38.6m  12   -0.5m   -0.6m    0.2m [1@mnp_pica.stara_vetrna.1318.zadni_pole - 2 = 1@mnp_tobogan.stara_vetrna.1318.zadni_pole - 2 - 3 - 4 - 5 - 6 - 7 - 8 - 9 = 14@hp.stara_vetrna.1318.zadni_pole - 13 - 12 - 11 = 1@mnp_pica.stara_vetrna.1318.zadni_pole]
  1.37%    0.2m   11.5m   5   -0.1m    0.1m    0.0m [1.12@20090809_1.stara_dvanactka.1303.zadni_pole - 1.22 - 1.21 - 1.20 - 1.13 - 1.12]
  1.24%    0.1m    9.8m   4   -0.0m    0.1m    0.0m [1.10@20090809_1.stara_dvanactka.1303.zadni_pole - 1.23 - 1.9 - 1.8 - 1.10]
  0.81%    0.1m   17.1m  10   -0.1m   -0.1m   -0.0m [2.93@20110115.stara_dvanactka.1303.zadni_pole - 2.92 - 2.89 - 2.88 - 2.87 - 2.86 - 2.49 - 2.35 - 2.34 - 2.33 - 2.26 = 2.93]
  0.67%    0.1m   12.8m   8    0.1m   -0.0m    0.1m [2.7@20101120.stara_dvanactka.1303.zadni_pole - 2.23 - 2.19 - 2.16 - 2.15 - 2.10 - 2.9 - 2.8 - 2.7]
  0.43%    0.6m  135.7m  45    0.5m   -0.1m    0.2m [0@hp.stara_vetrna.1318.zadni_pole - 1 - 2 - 3 - 4 - 5 - 6 - 7 = 2.39@20101120.stara_dvanactka.1303.zadni_pole - 2.38 - 2.37 - 2.36 - 2.35 - 2.34 - 2.33 - 2.24 - 2.7 - 2.6 - 2.5 - 2.4 - 2.3 - 2.2 - 2.1 - 1.50 = 1.50@20090809_2.stara_dvanactka.1303.zadni_pole - 1.42 - 1.41 - 1.40 - 1.39 - 1.38 - 1.37 - 1.32 - 1.31 - 1.24 - 1.10 = 1.10@20090809_1.stara_dvanactka.1303.zadni_pole - 1.8 - 1.7 - 1.6 - 1.5 - 1.4 - 1.3 - 1.2 - 1.1 - 1.0 = 1303@povrch2.zadni_pole - 3 - 2 - 1 - 1318 = 0@hp.stara_vetrna.1318.zadni_pole]
##################### end of loop errors #######################


###################### scrap distortions #######################
 PROJECTION: plan
 AVERAGE  MAXIMAL  SCRAP
   1.83%  100.00%  stredni_patro_3.s@stara_dvanactka.1303.zadni_pole
   1.08%  100.00%  stredni_patro_01.s@stara_dvanactka.1303.zadni_pole
   4.16%   53.11%  zeleza_zvon_01.s@stara_vetrna.1318.zadni_pole
   7.30%   51.15%  bila_tma.s@sifon_i.1318.zadni_pole
   0.65%   49.48%  zeleza_zvon_02.s@stara_vetrna.1318.zadni_pole
   1.38%   45.65%  nedelni_chodba_02.s@sifon_i.1318.zadni_pole
  18.96%   44.47%  zp@zadni_pole
   0.81%   39.75%  vchod_02.s@stara_vetrna.1318.zadni_pole
   1.54%   20.40%  mnp_01.s@stara_vetrna.1318.zadni_pole
   0.87%   20.35%  p1_2@1319.zadni_pole
   0.44%   19.69%  stredni_patro_2.s@stara_dvanactka.1303.zadni_pole
   1.14%   16.79%  stredni_patro_6.s@stara_dvanactka.1303.zadni_pole
   2.83%   15.32%  zbytek_kurarny.s@stara_dvanactka.1303.zadni_pole
   1.25%   14.94%  sintropad_02.s@stara_vetrna.1318.zadni_pole
   1.15%   14.07%  k_sifonu_iii_01.s@sifon_iii.1318.zadni_pole
   2.03%   11.12%  vstup.s@stara_dvanactka.1303.zadni_pole
   1.42%   10.30%  propast_I_1.s@stara_dvanactka.1303.zadni_pole
   0.71%    9.44%  ke_kurarne.s@stara_dvanactka.1303.zadni_pole
   1.17%    9.15%  sintropad_01.s@stara_vetrna.1318.zadni_pole
   2.04%    8.78%  pod_vstupem_2.s@stara_dvanactka.1303.zadni_pole
   0.32%    7.92%  nedelni_chodba_01.s@sifon_i.1318.zadni_pole
   1.40%    6.10%  mnp_02.s@stara_vetrna.1318.zadni_pole
   1.44%    5.57%  pod_vstupem_1.s@stara_dvanactka.1303.zadni_pole
   0.91%    5.12%  od_sifonu_po_komin_02.s@sifon_iii.1318.zadni_pole
   0.43%    4.44%  krizovy_komin.s@sifon_iii.1318.zadni_pole
   0.32%    3.60%  zeleza_zvon_03.s@stara_vetrna.1318.zadni_pole
   0.47%    1.53%  od_sifonu_po_komin_01.s@sifon_iii.1318.zadni_pole
   0.31%    1.37%  odbocka_1.s@stara_dvanactka.1303.zadni_pole
   0.33%    0.92%  odbocka_1_2.s@stara_dvanactka.1303.zadni_pole
   0.20%    0.75%  vchod_03.s@stara_vetrna.1318.zadni_pole
   0.16%    0.65%  k_sifonu_iii_02.s@sifon_iii.1318.zadni_pole
   0.01%    0.32%  stredni_patro_5.s@stara_dvanactka.1303.zadni_pole
   0.02%    0.16%  propast_ii.s@stara_dvanactka.1303.zadni_pole
   0.01%    0.12%  stredni_patro_4.s@stara_dvanactka.1303.zadni_pole
   0.00%    0.01%  ke_kurarne_2.s@stara_dvanactka.1303.zadni_pole
   0.00%    0.00%  mnp_03.s@stara_vetrna.1318.zadni_pole
   0.00%    0.00%  skruz.s@stara_dvanactka.1303.zadni_pole
   0.00%    0.00%  propast_I_2.s@stara_dvanactka.1303.zadni_pole
   0.00%    0.00%  p1_1@1319.zadni_pole
   0.00%    0.00%  vchod_01.s@stara_vetrna.1318.zadni_pole
   0.00%    0.00%  propast_I_3.s@stara_dvanactka.1303.zadni_pole
################### end of scrap distortions ###################
therion: warning -- error deleting temporary directory -- /tmp/th31538
