therion 5.3.6
initialization file: C:\Program Files\Therion/therion.ini
reading ... done
configuration file: thconfig
reading ... done
reading source files ... done
preprocessing database ... done
scanning centreline tree ... done
searching for centerline loops ... done
calculating station coordinates ... done
processing survey data ... 
####################### cavern log file ########################
 1> Survex 1.1.15
 2> Copyright (C) 1990-2010 Olly Betts
 3> Survey has no fixed points. Therefore I've fixed 1 at (0,0,0)
 4> 
 5> Survey contains 435 survey stations, joined by 434 legs.
 6> There is 1 loop.
 7> Survey has 2 connected components.
 8> Total length of survey legs =  895.60m ( 895.60m adjusted)
 9> Total plan length of survey legs =  761.62m
10> Total vertical length of survey legs =  340.35m
11> Vertical range = 25.00m (from 20 at 16.75m to 136 at -8.25m)
12> North-South range = 48.87m (from 27 at 48.19m to 3 at -0.68m)
13> East-West range = 65.21m (from 427 at 56.95m to 13 at -8.26m)
14>  350 1-nodes.
15>   36 2-nodes.
16>    1 3-node.
17>    4 5-nodes.
18>   10 6-nodes.
19>    5 7-nodes.
20>    5 8-nodes.
21>    6 9-nodes.
22>    5 10-nodes.
23>    5 11-nodes.
24>    2 13-nodes.
25>    1 14-node.
26>    1 15-node.
27>    1 16-node.
28>    1 18-node.
29>    2 20-nodes.
30> 
######################### transcription ########################
 3> 1 : 1.1@krtova_sonda.skalky_povrch.skalky
 5> 435 : 3.4@spodni_vchod.premereni_2010_II.1313_II.skalky -- 434 : -@spodni_vchod.premereni_2010_II.1313_II.skalky
 6> 1 : 1.1@krtova_sonda.skalky_povrch.skalky
 7> 2 : 1.0@krtova_sonda.skalky_povrch.skalky
11> 20 : 1.10@krtova_sonda.skalky_povrch.skalky -- 136 : 1.18@20100523.premereni_2010.1313.skalky
12> 27 : 2.4@ke_spodnimu_vchodu_babicke.skalky_povrch.skalky -- 3 : -@krtova_sonda.skalky_povrch.skalky
13> 427 : -@spodni_vchod.premereni_2010_II.1313_II.skalky -- 13 : 1.3@krtova_sonda.skalky_povrch.skalky
14> 350 : -@20100903_2.premereni_2010.1313.skalky
15> 36 : -@20100523.premereni_2010.1313.skalky
16> 1 : 1.1@krtova_sonda.skalky_povrch.skalky
17> 4 : -@krtova_sonda.skalky_povrch.skalky
18> 10 : -@krtova_sonda.skalky_povrch.skalky
19> 5 : -@krtova_sonda.skalky_povrch.skalky
20> 5 : -@krtova_sonda.skalky_povrch.skalky
21> 6 : -@krtova_sonda.skalky_povrch.skalky
22> 5 : -@krtova_sonda.skalky_povrch.skalky
23> 5 : -@krtova_sonda.skalky_povrch.skalky
24> 2 : 1.0@krtova_sonda.skalky_povrch.skalky
25> 1 : 1.1@krtova_sonda.skalky_povrch.skalky
26> 1 : 1.1@krtova_sonda.skalky_povrch.skalky
27> 1 : 1.1@krtova_sonda.skalky_povrch.skalky
28> 1 : 1.1@krtova_sonda.skalky_povrch.skalky
29> 2 : 1.0@krtova_sonda.skalky_povrch.skalky
#################### end of cavern log file ####################

C:\Program Files\Therion\therion.exe: warning -- can't open cavern output
calculating basic statistics ... done
processing extended elevation ... done
processing references ... done
selecting export objects ... done
processing projection plan ... done
average distortion: 1.63%
writing _output/skalky_plan.pdf ...
####################### metapost log file ########################
This is MetaPost, version 1.209 (kpathsea version 5.1.0) (mem=mpost 2010.01.31)  10 FEB 2011 23:02
**data.mp
(./data.mp [4001] [4002] [4003] [4004] [4005] [4006] [4007] [4008] [4009] [4010
] [4011] [4012]
[1] [2] [3] [4] [5] [6] [7] [8] [9] [10] [11] [12] [13] [14] [15] [16] [17]
[18] [19] [20] [21] [22] [23] [24] [25] [26] [27] [28] [29] [30] [31] [32]
[33] [34] [35] [36] [37] (./mptextmp.mp) (./mptextmp.mp) (./mptextmp.mp) [38]
[39] [40] [41] [42] [43] [44] [45] [46] [47] [48] [49] [50] [51] [52] [53]
[54] )
 
Here is how much of MetaPost's memory you used:
 1272 strings out of 1638
 13987 string characters out of 26823
 58412 words of memory out of 1500000
 1392 symbolic tokens out of 16384
 8i,75n,11p,197b,4f stack positions out of 300i,84n,5000p,200b,15f
 86 string compactions (moved 916320 characters, 78001 strings)
66 output files written: data.1 .. data.4012

#################### end of metapost log file ####################
converting scraps ... done
making map ... done
######################## pdftex log file #########################
This is pdfTeX, Version 3.1415926-1.40.10 (Web2C 2009) (format=pdftex 2010.1.2)  10 FEB 2011 23:02
entering extended mode
**data.tex
(./data.tex (./th_enc.tex) (./th_texts.tex) (./th_resources.tex
(c:/Program Files/Therion/texmf/tex/glyphtounicode.tex)) (./th_fontdef.tex{c:/P
rogram Files/Therion/texmf/fonts/pdftex.map})
(./th_formdef.tex) (./th_pagedef.tex (./th_legend.tex)) (./th_pages.tex)
 114 numeric registers used out of 32768

[1] ) 
Here is how much of TeX's memory you used:
 301 strings out of 95617
 3036 string characters out of 1171098
 40682 words of memory out of 1524660
 1711 multiletter control sequences out of 15000+50000
 21229 words of font info for 66 fonts, out of 1000000 for 2000
 849 hyphenation exceptions out of 1000
 12i,5n,8p,406b,96s stack positions out of 5000i,500n,10000p,200000b,50000s
<c:/Program Files/Therion/texmf/fonts/type1/cmss10.pfb><c:/Program Files/T
herion/texmf/fonts/type1/cmssi10.pfb><c:/Program Files/Therion/texmf/fonts/type
1/csss10.pfb><c:/Program Files/Therion/texmf/fonts/type1/csssi10.pfb>
Output written on data.pdf (1 page, 112519 bytes).
PDF statistics:
 193 PDF objects out of 1000 (max. 8388607)
 0 named destinations out of 1000 (max. 500000)
 509 words of extra memory for PDF output out of 10000 (max. 10000000)


##################### end of pdftex log file #####################
done
C:\Program Files\Therion\therion.exe: warning --  [0] -- can't open cavern output -- source layout not found -- l_plan_esri
####################### metapost log file ########################
This is MetaPost, version 1.209 (kpathsea version 5.1.0) (mem=mpost 2010.01.31)  10 FEB 2011 23:02
**data.mp
(./data.mp [1] )
1 output file written: data.1

#################### end of metapost log file ####################
writing _output/skalky.shp ... done
writing _output/skalky.3d ... done
writing _output/skalky.lox ............... done
writing xtherion file ... done
compilation time: 6 sec


###################### scrap distortions #######################
 PROJECTION: plan
 AVERAGE  MAXIMAL  SCRAP
   2.50%   45.41%  odbocka_3.s@premereni_2010.1313.skalky
   5.14%   36.08%  odbocka_4_1.s@premereni_2010.1313.skalky
   6.77%   31.51%  odbocka_2.s@premereni_2010.1313.skalky
   0.69%   26.98%  vstupni_domek_cukrova.s@premereni_2010.1313.skalky
   7.26%   24.04%  odbocka_4_2.s@premereni_2010.1313.skalky
   0.57%    5.31%  za_kominem.s@premereni_2010.1313.skalky
   0.19%    2.18%  spodni_vchod.s@premereni_2010_II.1313_II.skalky
   0.61%    1.78%  odbocka_1.s@premereni_2010.1313.skalky
   0.44%    1.18%  odbocka_2_1.s@premereni_2010.1313.skalky
   0.12%    0.86%  za_kominem_2.s@premereni_2010.1313.skalky
   0.08%    0.20%  komin.s@premereni_2010.1313.skalky
   0.00%    0.00%  odbocka_4.s@premereni_2010.1313.skalky
################### end of scrap distortions ###################
